0 verbose cli /usr/local/bin/node /usr/local/bin/npm
1 info using npm@10.5.0
2 info using node@v21.7.3
3 timing npm:load:whichnode Completed in 3ms
4 timing config:load:defaults Completed in 2ms
5 timing config:load:file:/usr/local/lib/node_modules/npm/npmrc Completed in 2ms
6 timing config:load:builtin Completed in 2ms
7 timing config:load:cli Completed in 4ms
8 timing config:load:env Completed in 0ms
9 timing config:load:project Completed in 2ms
10 timing config:load:file:/home/user/.npmrc Completed in 0ms
11 timing config:load:user Completed in 0ms
12 timing config:load:file:/usr/local/etc/npmrc Completed in 1ms
13 timing config:load:global Completed in 1ms
14 timing config:load:setEnvs Completed in 1ms
15 timing config:load Completed in 12ms
16 timing npm:load:configload Completed in 12ms
17 timing config:load:flatten Completed in 2ms
18 timing npm:load:mkdirpcache Completed in 1ms
19 timing npm:load:mkdirplogs Completed in 0ms
20 verbose title npm install
21 verbose argv "install" "--force"
22 timing npm:load:setTitle Completed in 1ms
23 timing npm:load:display Completed in 1ms
24 verbose logfile logs-max:10 dir:/home/user/.npm/_logs/2025-04-04T07_07_48_902Z-
25 verbose logfile /home/user/.npm/_logs/2025-04-04T07_07_48_902Z-debug-0.log
26 timing npm:load:logFile Completed in 8ms
27 timing npm:load:timers Completed in 0ms
28 timing npm:load:configScope Completed in 0ms
29 warn using --force Recommended protections disabled.
30 timing npm:load Completed in 46ms
31 timing arborist:ctor Completed in 1ms
32 silly logfile done cleaning log files
33 timing idealTree:init Completed in 716ms
34 timing idealTree:userRequests Completed in 0ms
35 silly idealTree buildDeps
36 silly fetch manifest autoprefixer@latest
37 timing arborist:ctor Completed in 0ms
38 http fetch GET 200 https://registry.npmjs.org/autoprefixer 673ms (cache miss)
39 silly fetch manifest postcss@^8
40 http fetch GET 200 https://registry.npmjs.org/postcss 198ms (cache miss)
41 silly placeDep ROOT autoprefixer@10.4.21 OK for: user@0.1.0 want: latest
42 silly fetch manifest browserslist@^4.24.4
43 http fetch GET 200 https://registry.npmjs.org/browserslist 74ms (cache miss)
44 silly fetch manifest fraction.js@^4.3.7
45 http fetch GET 200 https://registry.npmjs.org/fraction.js 186ms (cache miss)
46 silly fetch manifest normalize-range@^0.1.2
47 http fetch GET 200 https://registry.npmjs.org/normalize-range 41ms (cache miss)
48 timing idealTree:#root Completed in 1237ms
49 silly placeDep ROOT browserslist@4.24.4 OK for: autoprefixer@10.4.21 want: ^4.24.4
50 silly placeDep ROOT fraction.js@4.3.7 OK for: autoprefixer@10.4.21 want: ^4.3.7
51 silly placeDep ROOT normalize-range@0.1.2 OK for: autoprefixer@10.4.21 want: ^0.1.2
52 silly fetch manifest electron-to-chromium@^1.5.73
53 http fetch GET 200 https://registry.npmjs.org/electron-to-chromium 515ms (cache miss)
54 silly fetch manifest node-releases@^2.0.19
55 http fetch GET 200 https://registry.npmjs.org/node-releases 79ms (cache miss)
56 silly fetch manifest update-browserslist-db@^1.1.1
57 http fetch GET 200 https://registry.npmjs.org/update-browserslist-db 46ms (cache miss)
58 timing idealTree:node_modules/autoprefixer Completed in 1431ms
59 silly fetch manifest browserslist@>= 4.21.0
60 silly placeDep ROOT electron-to-chromium@1.5.131 OK for: browserslist@4.24.4 want: ^1.5.73
61 silly placeDep ROOT node-releases@2.0.19 OK for: browserslist@4.24.4 want: ^2.0.19
62 silly placeDep ROOT update-browserslist-db@1.1.3 OK for: browserslist@4.24.4 want: ^1.1.1
63 silly fetch manifest escalade@^3.2.0
64 http fetch GET 200 https://registry.npmjs.org/escalade 45ms (cache miss)
65 timing idealTree:node_modules/browserslist Completed in 66ms
66 timing idealTree:node_modules/electron-to-chromium Completed in 0ms
67 timing idealTree:node_modules/fraction.js Completed in 0ms
68 timing idealTree:node_modules/node-releases Completed in 0ms
69 timing idealTree:node_modules/normalize-range Completed in 0ms
70 silly placeDep ROOT escalade@3.2.0 OK for: update-browserslist-db@1.1.3 want: ^3.2.0
71 timing idealTree:node_modules/update-browserslist-db Completed in 7ms
72 timing idealTree:node_modules/escalade Completed in 0ms
73 timing idealTree:buildDeps Completed in 2743ms
74 timing idealTree:fixDepFlags Completed in 19ms
75 timing idealTree Completed in 3480ms
76 timing reify:loadTrees Completed in 3481ms
77 timing reify:diffTrees Completed in 14ms
78 silly reify moves {}
79 timing reify:retireShallow Completed in 2ms
80 timing reify:createSparse Completed in 3ms
81 timing reify:loadBundles Completed in 0ms
82 silly audit bulk request {
82 silly audit   '@alloc/quick-lru': [ '5.2.0' ],
82 silly audit   '@babel/runtime': [ '7.27.0' ],
82 silly audit   '@floating-ui/core': [ '1.6.9' ],
82 silly audit   '@floating-ui/dom': [ '1.6.13' ],
82 silly audit   '@floating-ui/react-dom': [ '2.1.2' ],
82 silly audit   '@floating-ui/utils': [ '0.2.9' ],
82 silly audit   '@hookform/resolvers': [ '5.0.1' ],
82 silly audit   '@isaacs/cliui': [ '8.0.2' ],
82 silly audit   '@jridgewell/gen-mapping': [ '0.3.8' ],
82 silly audit   '@jridgewell/resolve-uri': [ '3.1.2' ],
82 silly audit   '@jridgewell/set-array': [ '1.2.1' ],
82 silly audit   '@jridgewell/sourcemap-codec': [ '1.5.0' ],
82 silly audit   '@jridgewell/trace-mapping': [ '0.3.25' ],
82 silly audit   '@next/env': [ '14.2.20' ],
82 silly audit   '@next/swc-darwin-arm64': [ '14.2.20' ],
82 silly audit   '@next/swc-darwin-x64': [ '14.2.20' ],
82 silly audit   '@next/swc-linux-arm64-gnu': [ '14.2.20' ],
82 silly audit   '@next/swc-linux-arm64-musl': [ '14.2.20' ],
82 silly audit   '@next/swc-linux-x64-gnu': [ '14.2.20' ],
82 silly audit   '@next/swc-linux-x64-musl': [ '14.2.20' ],
82 silly audit   '@next/swc-win32-arm64-msvc': [ '14.2.20' ],
82 silly audit   '@next/swc-win32-ia32-msvc': [ '14.2.20' ],
82 silly audit   '@next/swc-win32-x64-msvc': [ '14.2.20' ],
82 silly audit   '@nodelib/fs.scandir': [ '2.1.5' ],
82 silly audit   '@nodelib/fs.stat': [ '2.0.5' ],
82 silly audit   '@nodelib/fs.walk': [ '1.2.8' ],
82 silly audit   '@pkgjs/parseargs': [ '0.11.0' ],
82 silly audit   '@radix-ui/number': [ '1.1.0' ],
82 silly audit   '@radix-ui/primitive': [ '1.1.1' ],
82 silly audit   '@radix-ui/react-accordion': [ '1.2.3' ],
82 silly audit   '@radix-ui/react-alert-dialog': [ '1.1.6' ],
82 silly audit   '@radix-ui/react-arrow': [ '1.1.2' ],
82 silly audit   '@radix-ui/react-aspect-ratio': [ '1.1.2' ],
82 silly audit   '@radix-ui/react-avatar': [ '1.1.3' ],
82 silly audit   '@radix-ui/react-checkbox': [ '1.1.4' ],
82 silly audit   '@radix-ui/react-collapsible': [ '1.1.3' ],
82 silly audit   '@radix-ui/react-collection': [ '1.1.2' ],
82 silly audit   '@radix-ui/react-compose-refs': [ '1.1.1' ],
82 silly audit   '@radix-ui/react-context': [ '1.1.1' ],
82 silly audit   '@radix-ui/react-context-menu': [ '2.2.6' ],
82 silly audit   '@radix-ui/react-dialog': [ '1.1.6' ],
82 silly audit   '@radix-ui/react-direction': [ '1.1.0' ],
82 silly audit   '@radix-ui/react-dismissable-layer': [ '1.1.5' ],
82 silly audit   '@radix-ui/react-dropdown-menu': [ '2.1.6' ],
82 silly audit   '@radix-ui/react-focus-guards': [ '1.1.1' ],
82 silly audit   '@radix-ui/react-focus-scope': [ '1.1.2' ],
82 silly audit   '@radix-ui/react-hover-card': [ '1.1.6' ],
82 silly audit   '@radix-ui/react-id': [ '1.1.0' ],
82 silly audit   '@radix-ui/react-label': [ '2.1.2' ],
82 silly audit   '@radix-ui/react-menu': [ '2.1.6' ],
82 silly audit   '@radix-ui/react-menubar': [ '1.1.6' ],
82 silly audit   '@radix-ui/react-navigation-menu': [ '1.2.5' ],
82 silly audit   '@radix-ui/react-popover': [ '1.1.6' ],
82 silly audit   '@radix-ui/react-popper': [ '1.2.2' ],
82 silly audit   '@radix-ui/react-portal': [ '1.1.4' ],
82 silly audit   '@radix-ui/react-presence': [ '1.1.2' ],
82 silly audit   '@radix-ui/react-primitive': [ '2.0.2' ],
82 silly audit   '@radix-ui/react-progress': [ '1.1.2' ],
82 silly audit   '@radix-ui/react-radio-group': [ '1.2.3' ],
82 silly audit   '@radix-ui/react-roving-focus': [ '1.1.2' ],
82 silly audit   '@radix-ui/react-scroll-area': [ '1.2.3' ],
82 silly audit   '@radix-ui/react-select': [ '2.1.6' ],
82 silly audit   '@radix-ui/react-separator': [ '1.1.2' ],
82 silly audit   '@radix-ui/react-slider': [ '1.2.3' ],
82 silly audit   '@radix-ui/react-slot': [ '1.1.2' ],
82 silly audit   '@radix-ui/react-switch': [ '1.1.3' ],
82 silly audit   '@radix-ui/react-tabs': [ '1.1.3' ],
82 silly audit   '@radix-ui/react-toast': [ '1.2.6' ],
82 silly audit   '@radix-ui/react-toggle': [ '1.1.2' ],
82 silly audit   '@radix-ui/react-toggle-group': [ '1.1.2' ],
82 silly audit   '@radix-ui/react-tooltip': [ '1.1.8' ],
82 silly audit   '@radix-ui/react-use-callback-ref': [ '1.1.0' ],
82 silly audit   '@radix-ui/react-use-controllable-state': [ '1.1.0' ],
82 silly audit   '@radix-ui/react-use-escape-keydown': [ '1.1.0' ],
82 silly audit   '@radix-ui/react-use-layout-effect': [ '1.1.0' ],
82 silly audit   '@radix-ui/react-use-previous': [ '1.1.0' ],
82 silly audit   '@radix-ui/react-use-rect': [ '1.1.0' ],
82 silly audit   '@radix-ui/react-use-size': [ '1.1.0' ],
82 silly audit   '@radix-ui/react-visually-hidden': [ '1.1.2' ],
82 silly audit   '@radix-ui/rect': [ '1.1.0' ],
82 silly audit   '@standard-schema/utils': [ '0.3.0' ],
82 silly audit   '@swc/counter': [ '0.1.3' ],
82 silly audit   '@swc/helpers': [ '0.5.5' ],
82 silly audit   '@types/d3-array': [ '3.2.1' ],
82 silly audit   '@types/d3-color': [ '3.1.3' ],
82 silly audit   '@types/d3-ease': [ '3.0.2' ],
82 silly audit   '@types/d3-interpolate': [ '3.0.4' ],
82 silly audit   '@types/d3-path': [ '3.1.1' ],
82 silly audit   '@types/d3-scale': [ '4.0.9' ],
82 silly audit   '@types/d3-shape': [ '3.1.7' ],
82 silly audit   '@types/d3-time': [ '3.0.4' ],
82 silly audit   '@types/d3-timer': [ '3.0.2' ],
82 silly audit   '@types/node': [ '20.17.30' ],
82 silly audit   '@types/prop-types': [ '15.7.14' ],
82 silly audit   '@types/react': [ '18.3.20' ],
82 silly audit   '@types/react-dom': [ '18.3.6' ],
82 silly audit   'ansi-regex': [ '6.1.0', '5.0.1' ],
82 silly audit   'ansi-styles': [ '6.2.1', '4.3.0' ],
82 silly audit   'any-promise': [ '1.3.0' ],
82 silly audit   anymatch: [ '3.1.3' ],
82 silly audit   arg: [ '5.0.2' ],
82 silly audit   'aria-hidden': [ '1.2.4' ],
82 silly audit   'balanced-match': [ '1.0.2' ],
82 silly audit   'binary-extensions': [ '2.3.0' ],
82 silly audit   'brace-expansion': [ '2.0.1' ],
82 silly audit   braces: [ '3.0.3' ],
82 silly audit   busboy: [ '1.6.0' ],
82 silly audit   'camelcase-css': [ '2.0.1' ],
82 silly audit   'caniuse-lite': [ '1.0.30001709' ],
82 silly audit   chokidar: [ '3.6.0' ],
82 silly audit   'glob-parent': [ '5.1.2', '6.0.2' ],
82 silly audit   'class-variance-authority': [ '0.7.1' ],
82 silly audit   'client-only': [ '0.0.1' ],
82 silly audit   clsx: [ '2.1.1' ],
82 silly audit   cmdk: [ '1.1.1' ],
82 silly audit   'color-convert': [ '2.0.1' ],
82 silly audit   'color-name': [ '1.1.4' ],
82 silly audit   commander: [ '4.1.1' ],
82 silly audit   'cross-spawn': [ '7.0.6' ],
82 silly audit   'css-mediaquery': [ '0.1.2' ],
82 silly audit   cssesc: [ '3.0.0' ],
82 silly audit   csstype: [ '3.1.3' ],
82 silly audit   'd3-array': [ '3.2.4' ],
82 silly audit   'd3-color': [ '3.1.0' ],
82 silly audit   'd3-ease': [ '3.0.1' ],
82 silly audit   'd3-format': [ '3.1.0' ],
82 silly audit   'd3-interpolate': [ '3.0.1' ],
82 silly audit   'd3-path': [ '3.1.0' ],
82 silly audit   'd3-scale': [ '4.0.2' ],
82 silly audit   'd3-shape': [ '3.2.0' ],
82 silly audit   'd3-time': [ '3.1.0' ],
82 silly audit   'd3-time-format': [ '4.1.0' ],
82 silly audit   'd3-timer': [ '3.0.1' ],
82 silly audit   'date-fns': [ '3.6.0' ],
82 silly audit   'decimal.js-light': [ '2.5.1' ],
82 silly audit   'detect-node-es': [ '1.1.0' ],
82 silly audit   didyoumean: [ '1.2.2' ],
82 silly audit   dlv: [ '1.1.3' ],
82 silly audit   'dom-helpers': [ '5.2.1' ],
82 silly audit   eastasianwidth: [ '0.2.0' ],
82 silly audit   'embla-carousel': [ '8.5.2' ],
82 silly audit   'embla-carousel-react': [ '8.5.2' ],
82 silly audit   'embla-carousel-reactive-utils': [ '8.5.2' ],
82 silly audit   'emoji-regex': [ '9.2.2', '8.0.0' ],
82 silly audit   eventemitter3: [ '4.0.7' ],
82 silly audit   'fast-equals': [ '5.2.2' ],
82 silly audit   'fast-glob': [ '3.3.3' ],
82 silly audit   fastq: [ '1.19.1' ],
82 silly audit   'fill-range': [ '7.1.1' ],
82 silly audit   'foreground-child': [ '3.3.1' ],
82 silly audit   'framer-motion': [ '12.6.3' ],
82 silly audit   fsevents: [ '2.3.3' ],
82 silly audit   'function-bind': [ '1.1.2' ],
82 silly audit   'get-nonce': [ '1.0.1' ],
82 silly audit   glob: [ '10.4.5' ],
82 silly audit   'graceful-fs': [ '4.2.11' ],
82 silly audit   hasown: [ '2.0.2' ],
82 silly audit   'hyphenate-style-name': [ '1.1.0' ],
82 silly audit   'input-otp': [ '1.4.2' ],
82 silly audit   internmap: [ '2.0.3' ],
82 silly audit   'is-binary-path': [ '2.1.0' ],
82 silly audit   'is-core-module': [ '2.16.1' ],
82 silly audit   'is-extglob': [ '2.1.1' ],
82 silly audit   'is-fullwidth-code-point': [ '3.0.0' ],
82 silly audit   'is-glob': [ '4.0.3' ],
82 silly audit   'is-number': [ '7.0.0' ],
82 silly audit   isexe: [ '2.0.0' ],
82 silly audit   jackspeak: [ '3.4.3' ],
82 silly audit   jiti: [ '1.21.7' ],
82 silly audit   'js-tokens': [ '4.0.0' ],
82 silly audit   lilconfig: [ '3.1.3' ],
82 silly audit   'lines-and-columns': [ '1.2.4' ],
82 silly audit   lodash: [ '4.17.21' ],
82 silly audit   'loose-envify': [ '1.4.0' ],
82 silly audit   'lru-cache': [ '10.4.3' ],
82 silly audit   'lucide-react': [ '0.487.0' ],
82 silly audit   matchmediaquery: [ '0.4.2' ],
82 silly audit   merge2: [ '1.4.1' ],
82 silly audit   micromatch: [ '4.0.8' ],
82 silly audit   minimatch: [ '9.0.5' ],
82 silly audit   minipass: [ '7.1.2' ],
82 silly audit   'motion-dom': [ '12.6.3' ],
82 silly audit   'motion-utils': [ '12.6.3' ],
82 silly audit   mz: [ '2.7.0' ],
82 silly audit   nanoid: [ '3.3.11' ],
82 silly audit   next: [ '14.2.20' ],
82 silly audit   'next-themes': [ '0.4.6' ],
82 silly audit   postcss: [ '8.4.31', '8.5.3' ],
82 silly audit   'normalize-path': [ '3.0.0' ],
82 silly audit   'object-assign': [ '4.1.1' ],
82 silly audit   'object-hash': [ '3.0.0' ],
82 silly audit   'package-json-from-dist': [ '1.0.1' ],
82 silly audit   'path-key': [ '3.1.1' ],
82 silly audit   'path-parse': [ '1.0.7' ],
82 silly audit   'path-scurry': [ '1.11.1' ],
82 silly audit   picocolors: [ '1.1.1' ],
82 silly audit   picomatch: [ '2.3.1' ],
82 silly audit   pify: [ '2.3.0' ],
82 silly audit   pirates: [ '4.0.7' ],
82 silly audit   'postcss-import': [ '15.1.0' ],
82 silly audit   'postcss-js': [ '4.0.1' ],
82 silly audit   'postcss-load-config': [ '4.0.2' ],
82 silly audit   'postcss-nested': [ '6.2.0' ],
82 silly audit   'postcss-selector-parser': [ '6.1.2' ],
82 silly audit   'postcss-value-parser': [ '4.2.0' ],
82 silly audit   'prop-types': [ '15.8.1' ],
82 silly audit   'react-is': [ '16.13.1', '18.3.1' ],
82 silly audit   'queue-microtask': [ '1.2.3' ],
82 silly audit   react: [ '18.3.1' ],
82 silly audit   'react-day-picker': [ '8.10.1' ],
82 silly audit   'react-dom': [ '18.3.1' ],
82 silly audit   'react-hook-form': [ '7.55.0' ],
82 silly audit   'react-remove-scroll': [ '2.6.3' ],
82 silly audit   'react-remove-scroll-bar': [ '2.3.8' ],
82 silly audit   'react-resizable-panels': [ '2.1.7' ],
82 silly audit   'react-responsive': [ '10.0.1' ],
82 silly audit   'react-smooth': [ '4.0.4' ],
82 silly audit   'react-style-singleton': [ '2.2.3' ],
82 silly audit   'react-transition-group': [ '4.4.5' ],
82 silly audit   'read-cache': [ '1.0.0' ],
82 silly audit   readdirp: [ '3.6.0' ],
82 silly audit   recharts: [ '2.15.2' ],
82 silly audit   'recharts-scale': [ '0.4.5' ],
82 silly audit   'regenerator-runtime': [ '0.14.1' ],
82 silly audit   resolve: [ '1.22.10' ],
82 silly audit   reusify: [ '1.1.0' ],
82 silly audit   'run-parallel': [ '1.2.0' ],
82 silly audit   scheduler: [ '0.23.2' ],
82 silly audit   'shallow-equal': [ '3.1.0' ],
82 silly audit   'shebang-command': [ '2.0.0' ],
82 silly audit   'shebang-regex': [ '3.0.0' ],
82 silly audit   'signal-exit': [ '4.1.0' ],
82 silly audit   sonner: [ '2.0.3' ],
82 silly audit   'source-map-js': [ '1.2.1' ],
82 silly audit   streamsearch: [ '1.1.0' ],
82 silly audit   'string-width': [ '5.1.2', '4.2.3' ],
82 silly audit   'strip-ansi': [ '6.0.1', '7.1.0' ],
82 silly audit   'styled-jsx': [ '5.1.1' ],
82 silly audit   sucrase: [ '3.35.0' ],
82 silly audit   'supports-preserve-symlinks-flag': [ '1.0.0' ],
82 silly audit   'tailwind-merge': [ '3.1.0' ],
82 silly audit   tailwindcss: [ '3.4.17' ],
82 silly audit   'tailwindcss-animate': [ '1.0.7' ],
82 silly audit   thenify: [ '3.3.1' ],
82 silly audit   'thenify-all': [ '1.6.0' ],
82 silly audit   'tiny-invariant': [ '1.3.3' ],
82 silly audit   'to-regex-range': [ '5.0.1' ],
82 silly audit   'ts-interface-checker': [ '0.1.13' ],
82 silly audit   tslib: [ '2.8.1' ],
82 silly audit   'tw-animate-css': [ '1.2.5' ],
82 silly audit   typescript: [ '5.8.2' ],
82 silly audit   'undici-types': [ '6.19.8' ],
82 silly audit   'use-callback-ref': [ '1.3.3' ],
82 silly audit   'use-sidecar': [ '1.1.3' ],
82 silly audit   'util-deprecate': [ '1.0.2' ],
82 silly audit   vaul: [ '1.1.2' ],
82 silly audit   'victory-vendor': [ '36.9.2' ],
82 silly audit   which: [ '2.0.2' ],
82 silly audit   'wrap-ansi': [ '8.1.0', '7.0.0' ],
82 silly audit   yaml: [ '2.7.1' ],
82 silly audit   zod: [ '3.24.2' ],
82 silly audit   autoprefixer: [ '10.4.21' ],
82 silly audit   browserslist: [ '4.24.4' ],
82 silly audit   'fraction.js': [ '4.3.7' ],
82 silly audit   'normalize-range': [ '0.1.2' ],
82 silly audit   'electron-to-chromium': [ '1.5.131' ],
82 silly audit   'node-releases': [ '2.0.19' ],
82 silly audit   'update-browserslist-db': [ '1.1.3' ],
82 silly audit   escalade: [ '3.2.0' ]
82 silly audit }
83 verbose reify failed optional dependency /home/user/node_modules/fsevents
84 silly reify mark deleted [ '/home/user/node_modules/fsevents' ]
85 verbose reify failed optional dependency /home/user/node_modules/@next/swc-win32-x64-msvc
86 silly reify mark deleted [ '/home/user/node_modules/@next/swc-win32-x64-msvc' ]
87 verbose reify failed optional dependency /home/user/node_modules/@next/swc-win32-ia32-msvc
88 silly reify mark deleted [ '/home/user/node_modules/@next/swc-win32-ia32-msvc' ]
89 verbose reify failed optional dependency /home/user/node_modules/@next/swc-win32-arm64-msvc
90 silly reify mark deleted [ '/home/user/node_modules/@next/swc-win32-arm64-msvc' ]
91 verbose reify failed optional dependency /home/user/node_modules/@next/swc-linux-arm64-musl
92 silly reify mark deleted [ '/home/user/node_modules/@next/swc-linux-arm64-musl' ]
93 verbose reify failed optional dependency /home/user/node_modules/@next/swc-linux-arm64-gnu
94 silly reify mark deleted [ '/home/user/node_modules/@next/swc-linux-arm64-gnu' ]
95 verbose reify failed optional dependency /home/user/node_modules/@next/swc-darwin-x64
96 silly reify mark deleted [ '/home/user/node_modules/@next/swc-darwin-x64' ]
97 verbose reify failed optional dependency /home/user/node_modules/@next/swc-darwin-arm64
98 silly reify mark deleted [ '/home/user/node_modules/@next/swc-darwin-arm64' ]
99 timing reifyNode:node_modules/fsevents Completed in 9ms
100 timing reifyNode:node_modules/@next/swc-win32-x64-msvc Completed in 9ms
101 timing reifyNode:node_modules/@next/swc-win32-ia32-msvc Completed in 9ms
102 timing reifyNode:node_modules/@next/swc-win32-arm64-msvc Completed in 9ms
103 timing reifyNode:node_modules/@next/swc-linux-arm64-musl Completed in 9ms
104 timing reifyNode:node_modules/@next/swc-linux-arm64-gnu Completed in 9ms
105 timing reifyNode:node_modules/@next/swc-darwin-x64 Completed in 9ms
106 timing reifyNode:node_modules/@next/swc-darwin-arm64 Completed in 9ms
107 silly tarball no local data for escalade@https://registry.npmjs.org/escalade/-/escalade-3.2.0.tgz. Extracting by manifest.
108 silly tarball no local data for update-browserslist-db@https://registry.npmjs.org/update-browserslist-db/-/update-browserslist-db-1.1.3.tgz. Extracting by manifest.
109 silly tarball no local data for node-releases@https://registry.npmjs.org/node-releases/-/node-releases-2.0.19.tgz. Extracting by manifest.
110 silly tarball no local data for electron-to-chromium@https://registry.npmjs.org/electron-to-chromium/-/electron-to-chromium-1.5.131.tgz. Extracting by manifest.
111 silly tarball no local data for normalize-range@https://registry.npmjs.org/normalize-range/-/normalize-range-0.1.2.tgz. Extracting by manifest.
112 silly tarball no local data for fraction.js@https://registry.npmjs.org/fraction.js/-/fraction.js-4.3.7.tgz. Extracting by manifest.
113 silly tarball no local data for browserslist@https://registry.npmjs.org/browserslist/-/browserslist-4.24.4.tgz. Extracting by manifest.
114 silly tarball no local data for autoprefixer@https://registry.npmjs.org/autoprefixer/-/autoprefixer-10.4.21.tgz. Extracting by manifest.
115 http fetch POST 200 https://registry.npmjs.org/-/npm/v1/security/advisories/bulk 115ms
116 timing auditReport:getReport Completed in 122ms
117 silly audit report {
117 silly audit report   next: [
117 silly audit report     {
117 silly audit report       id: 1101438,
117 silly audit report       url: 'https://github.com/advisories/GHSA-7m27-7ghc-44w9',
117 silly audit report       title: 'Next.js Allows a Denial of Service (DoS) with Server Actions',
117 silly audit report       severity: 'moderate',
117 silly audit report       vulnerable_versions: '>=14.0.0 <14.2.21',
117 silly audit report       cwe: [Array],
117 silly audit report       cvss: [Object]
117 silly audit report     },
117 silly audit report     {
117 silly audit report       id: 1103622,
117 silly audit report       url: 'https://github.com/advisories/GHSA-f82v-jwr5-mffw',
117 silly audit report       title: 'Authorization Bypass in Next.js Middleware',
117 silly audit report       severity: 'critical',
117 silly audit report       vulnerable_versions: '>=14.0.0 <14.2.25',
117 silly audit report       cwe: [Array],
117 silly audit report       cvss: [Object]
117 silly audit report     }
117 silly audit report   ]
117 silly audit report }
118 timing metavuln:cache:get:security-advisory:next:NpdQYf+4OaOvlNiZgkhHLNCcOTe84gjeay11sdJQ2HSe2hRovddeIJqZfGwiLh+ns7klO1J2oxhVS+ou+h9gmw== Completed in 21ms
119 timing metavuln:cache:get:security-advisory:next:sRwxXns2Jx2Pd1edvsG5cID01wxEZSh7zL1q0AyAGjICnwvz65raPm6wLUcvxPnSL/F/TL0ZfpcjpUk1ZrqwMQ== Completed in 21ms
120 http fetch GET 200 https://registry.npmjs.org/escalade/-/escalade-3.2.0.tgz 504ms (cache miss)
121 timing reifyNode:node_modules/escalade Completed in 522ms
122 http fetch GET 200 https://registry.npmjs.org/node-releases/-/node-releases-2.0.19.tgz 504ms (cache miss)
123 timing reifyNode:node_modules/node-releases Completed in 523ms
124 http fetch GET 200 https://registry.npmjs.org/normalize-range/-/normalize-range-0.1.2.tgz 636ms (cache miss)
125 timing reifyNode:node_modules/normalize-range Completed in 656ms
126 http fetch GET 200 https://registry.npmjs.org/next 595ms (cache hit)
127 timing metavuln:packument:next Completed in 1435ms
128 timing metavuln:load:security-advisory:next:1101438 Completed in 68ms
129 timing metavuln:calculate:security-advisory:next:1101438 Completed in 1503ms
130 timing metavuln:load:security-advisory:next:1103622 Completed in 59ms
131 timing metavuln:calculate:security-advisory:next:1103622 Completed in 1562ms
132 timing auditReport:init Completed in 1661ms
133 timing reify:audit Completed in 1783ms
134 http fetch GET 200 https://registry.npmjs.org/update-browserslist-db/-/update-browserslist-db-1.1.3.tgz 1759ms (cache miss)
135 timing reifyNode:node_modules/update-browserslist-db Completed in 1778ms
136 http fetch GET 200 https://registry.npmjs.org/browserslist/-/browserslist-4.24.4.tgz 1765ms (cache miss)
137 timing reifyNode:node_modules/browserslist Completed in 1786ms
138 http fetch GET 200 https://registry.npmjs.org/fraction.js/-/fraction.js-4.3.7.tgz 1767ms (cache miss)
139 timing reifyNode:node_modules/fraction.js Completed in 1788ms
140 http fetch GET 200 https://registry.npmjs.org/electron-to-chromium/-/electron-to-chromium-1.5.131.tgz 1778ms (cache miss)
141 timing reifyNode:node_modules/electron-to-chromium Completed in 1799ms
142 http fetch GET 200 https://registry.npmjs.org/autoprefixer/-/autoprefixer-10.4.21.tgz 1807ms (cache miss)
143 timing reifyNode:node_modules/autoprefixer Completed in 1829ms
144 timing reify:unpack Completed in 1830ms
145 timing reify:unretire Completed in 0ms
146 timing build:queue Completed in 2ms
147 timing build:link:node_modules/autoprefixer Completed in 12ms
148 timing build:link:node_modules/browserslist Completed in 11ms
149 timing build:link:node_modules/update-browserslist-db Completed in 11ms
150 timing build:link Completed in 13ms
151 timing build:deps Completed in 16ms
152 timing build Completed in 16ms
153 timing reify:build Completed in 16ms
154 timing reify:trash Completed in 1ms
155 timing reify:save Completed in 261ms
156 timing reify Completed in 5786ms
157 silly ADD node_modules/escalade
158 silly ADD node_modules/update-browserslist-db
159 silly ADD node_modules/node-releases
160 silly ADD node_modules/electron-to-chromium
161 silly ADD node_modules/normalize-range
162 silly ADD node_modules/fraction.js
163 silly ADD node_modules/browserslist
164 silly ADD node_modules/autoprefixer
165 silly ADD
166 silly ADD
167 silly ADD
168 silly ADD
169 silly ADD
170 silly ADD
171 silly ADD
172 silly ADD
173 timing command:install Completed in 5890ms
174 verbose exit 0
175 timing npm Completed in 6391ms
176 info ok
